<?xml version="1.0" encoding="UTF-8"?>
<!-- Generated by org.testng.reporters.JUnitReportReporter -->
<testsuite hostname="DESKTOP-3R1IRNC" failures="0" tests="1" name="Class43_testNG.pgm2" time="0.013" errors="0" timestamp="2024-02-11T12:26:25 IST" skipped="0">
  <testcase classname="Class43_testNG.pgm2" name="pgm2" time="0.013"/>
</testsuite> <!-- Class43_testNG.pgm2 -->
