<?xml version="1.0" encoding="UTF-8"?>
<!-- Generated by org.testng.reporters.JUnitReportReporter -->
<testsuite hostname="DESKTOP-3R1IRNC" failures="0" tests="2" name="Class43_testNG.Pgm1" time="0.018" errors="0" timestamp="2024-02-03T23:57:33 IST" skipped="0">
  <testcase classname="Class43_testNG.Pgm1" name="f" time="0.004"/>
  <testcase classname="Class43_testNG.Pgm1" name="f" time="0.014"/>
</testsuite> <!-- Class43_testNG.Pgm1 -->
